<?xml version="1.0" encoding="UTF-8"?>
<testng-results skipped="0" failed="0" ignored="0" total="1" passed="1">
  <reporter-output>
  </reporter-output>
  <suite name="Suite" duration-ms="76186" started-at="2022-09-08T17:20:33 IST" finished-at="2022-09-08T17:21:49 IST">
    <groups>
    </groups>
    <test name="Test" duration-ms="76186" started-at="2022-09-08T17:20:33 IST" finished-at="2022-09-08T17:21:49 IST">
      <class name="JenkinsDemo.Demo1">
        <test-method status="PASS" signature="setup()[pri:0, instance:JenkinsDemo.Demo1@46d56d67]" name="setup" is-config="true" duration-ms="73241" started-at="2022-09-08T17:20:33 IST" finished-at="2022-09-08T17:21:46 IST">
          <reporter-output>
          </reporter-output>
        </test-method> <!-- setup -->
        <test-method status="PASS" signature="doLogin()[pri:1, instance:JenkinsDemo.Demo1@46d56d67]" name="doLogin" duration-ms="2870" started-at="2022-09-08T17:21:47 IST" finished-at="2022-09-08T17:21:49 IST">
          <reporter-output>
          </reporter-output>
        </test-method> <!-- doLogin -->
      </class> <!-- JenkinsDemo.Demo1 -->
    </test> <!-- Test -->
  </suite> <!-- Suite -->
</testng-results>
